2026-07-05 11:57:48,160 [INFO] === PROGRAM SENTIMEN ANALISIS DIMULAI ===
2026-07-05 11:57:48,161 [INFO] Memulai scraping untuk URL: https://youtube.com/shorts/oYAnEH0JoqI?si=6ahP2uQo3P6J87nK
2026-07-05 11:58:10,898 [INFO] Berhasil mengumpulkan 1000 komentar dari https://youtube.com/shorts/oYAnEH0JoqI?si=6ahP2uQo3P6J87nK
2026-07-05 11:58:11,903 [INFO] Memulai scraping untuk URL: https://youtu.be/-aHFboq0XNw?si=PPVxjQVH4cWa7meL
2026-07-05 11:58:53,576 [INFO] Berhasil mengumpulkan 1000 komentar dari https://youtu.be/-aHFboq0XNw?si=PPVxjQVH4cWa7meL
2026-07-05 11:58:54,580 [INFO] Memulai scraping untuk URL: https://youtu.be/KEDZ2Id0mg4?si=Wi1IcGLMi8Uf3YiL
2026-07-05 11:59:45,631 [INFO] Berhasil mengumpulkan 1000 komentar dari https://youtu.be/KEDZ2Id0mg4?si=Wi1IcGLMi8Uf3YiL
2026-07-05 11:59:46,661 [INFO] Data mentah disimpan ke output/1_raw_comments.csv
2026-07-05 11:59:46,665 [INFO] Memulai tahap preprocessing teks...
2026-07-05 11:59:46,698 [INFO] Preprocessing selesai. Data bersih disimpan ke output/2_clean_comments.csv
2026-07-05 11:59:46,698 [INFO] Memulai proses pseudo-labeling dengan DistilBERT...
2026-07-05 11:59:47,320 [INFO] HTTP Request: HEAD https://huggingface.co/distilbert-base-uncased-finetuned-sst-2-english/resolve/main/config.json "HTTP/1.1 200 OK"
2026-07-05 11:59:47,899 [INFO] HTTP Request: GET https://huggingface.co/api/models/distilbert-base-uncased-finetuned-sst-2-english/tree/main/additional_chat_templates?recursive=false&expand=false "HTTP/1.1 307 Temporary Redirect"
2026-07-05 11:59:48,190 [INFO] HTTP Request: GET https://huggingface.co/api/models/distilbert/distilbert-base-uncased-finetuned-sst-2-english/tree/main/additional_chat_templates?recursive=false&expand=false "HTTP/1.1 404 Not Found"
2026-07-05 11:59:48,720 [INFO] HTTP Request: GET https://huggingface.co/api/models/distilbert-base-uncased-finetuned-sst-2-english/tree/main?recursive=true&expand=false "HTTP/1.1 307 Temporary Redirect"
2026-07-05 11:59:48,985 [INFO] HTTP Request: GET https://huggingface.co/api/models/distilbert/distilbert-base-uncased-finetuned-sst-2-english/tree/main?recursive=true&expand=false "HTTP/1.1 200 OK"
2026-07-05 11:59:49,295 [INFO] HTTP Request: HEAD https://huggingface.co/distilbert-base-uncased-finetuned-sst-2-english/resolve/main/processor_config.json "HTTP/1.1 404 Not Found"
2026-07-05 11:59:49,296 [WARNING] Warning: You are sending unauthenticated requests to the HF Hub. Please set a HF_TOKEN to enable higher rate limits and faster downloads.
2026-07-05 11:59:49,708 [INFO] HTTP Request: HEAD https://huggingface.co/distilbert-base-uncased-finetuned-sst-2-english/resolve/main/video_preprocessor_config.json "HTTP/1.1 404 Not Found"
2026-07-05 11:59:50,120 [INFO] HTTP Request: HEAD https://huggingface.co/distilbert-base-uncased-finetuned-sst-2-english/resolve/main/preprocessor_config.json "HTTP/1.1 404 Not Found"
2026-07-05 11:59:51,237 [INFO] Telah melabeli 100 komentar...
2026-07-05 11:59:51,737 [INFO] Telah melabeli 200 komentar...
2026-07-05 11:59:52,188 [INFO] Telah melabeli 300 komentar...
2026-07-05 11:59:52,637 [INFO] Telah melabeli 400 komentar...
2026-07-05 11:59:53,085 [INFO] Telah melabeli 500 komentar...
2026-07-05 11:59:53,507 [INFO] Telah melabeli 600 komentar...
2026-07-05 11:59:53,950 [INFO] Telah melabeli 700 komentar...
2026-07-05 11:59:54,368 [INFO] Telah melabeli 800 komentar...
2026-07-05 11:59:54,793 [INFO] Telah melabeli 900 komentar...
2026-07-05 11:59:55,242 [INFO] Telah melabeli 1000 komentar...
2026-07-05 11:59:55,727 [INFO] Telah melabeli 1100 komentar...
2026-07-05 11:59:56,148 [INFO] Telah melabeli 1200 komentar...
2026-07-05 11:59:56,586 [INFO] Telah melabeli 1300 komentar...
2026-07-05 11:59:57,070 [INFO] Telah melabeli 1400 komentar...
2026-07-05 11:59:57,497 [INFO] Telah melabeli 1500 komentar...
2026-07-05 11:59:57,940 [INFO] Telah melabeli 1600 komentar...
2026-07-05 11:59:58,385 [INFO] Telah melabeli 1700 komentar...
2026-07-05 11:59:58,806 [INFO] Telah melabeli 1800 komentar...
2026-07-05 11:59:59,245 [INFO] Telah melabeli 1900 komentar...
2026-07-05 11:59:59,702 [INFO] Telah melabeli 2000 komentar...
2026-07-05 12:00:00,147 [INFO] Telah melabeli 2100 komentar...
2026-07-05 12:00:00,621 [INFO] Telah melabeli 2200 komentar...
2026-07-05 12:00:01,090 [INFO] Telah melabeli 2300 komentar...
2026-07-05 12:00:01,537 [INFO] Telah melabeli 2400 komentar...
2026-07-05 12:00:02,070 [INFO] Telah melabeli 2500 komentar...
2026-07-05 12:00:02,528 [INFO] Telah melabeli 2600 komentar...
2026-07-05 12:00:02,967 [INFO] Telah melabeli 2700 komentar...
2026-07-05 12:00:03,410 [INFO] Telah melabeli 2800 komentar...
2026-07-05 12:00:04,040 [INFO] Telah melabeli 2900 komentar...
2026-07-05 12:00:04,236 [INFO] Pseudo-labeling selesai. Hasil disimpan ke output/3_pseudo_labels.csv
2026-07-05 12:00:04,237 [INFO] Memulai ekstraksi fitur dengan TF-IDF Vectorizer...
2026-07-05 12:00:04,259 [INFO] Melatih model Linear SVM...
2026-07-05 12:00:04,266 [INFO] === EVALUASI MODEL ===
2026-07-05 12:00:04,266 [INFO] Accuracy : 0.7738
2026-07-05 12:00:04,266 [INFO] Precision: 0.7564
2026-07-05 12:00:04,266 [INFO] Recall   : 0.7738
2026-07-05 12:00:04,266 [INFO] F1-Score : 0.7553
2026-07-05 12:00:04,269 [INFO] 
Classification Report:
              precision    recall  f1-score   support

    Negative       0.80      0.91      0.85       429
    Positive       0.63      0.40      0.49       159

    accuracy                           0.77       588
   macro avg       0.72      0.65      0.67       588
weighted avg       0.76      0.77      0.76       588

2026-07-05 12:00:04,269 [INFO] Membuat grafik Confusion Matrix...
2026-07-05 12:00:04,424 [INFO] Membuat grafik Pie Chart sentimen...
2026-07-05 12:00:04,456 [INFO] Membuat grafik Bar Chart sentimen...
2026-07-05 12:00:04,494 [INFO] Membuat visualisasi WordCloud...
2026-07-05 12:00:04,960 [INFO] Model berhasil disimpan di: output/svm_model.pkl
2026-07-05 12:00:04,960 [INFO] Vectorizer berhasil disimpan di: output/tfidf_vectorizer.pkl
2026-07-05 12:00:04,960 [INFO] === PROGRAM SELESAI DENGAN SUKSES ===
